[jnyz-app/server]2024/05/06 - 20:33:31.501	[31merror[0m	/home/amos/repo/jnyz-app/server/api/v1/data/data_deposit_sub.go:43	查询失败!	{"error": "record not found"}
[jnyz-app/server]2024/05/06 - 20:33:31.639	[31merror[0m	/home/amos/repo/jnyz-app/server/api/v1/data/data_deposit_detail_save.go:46	查询失败!	{"error": "record not found"}
[jnyz-app/server]2024/05/06 - 20:33:31.736	[31merror[0m	/home/amos/repo/jnyz-app/server/api/v1/data/data_deposit_detail_corp.go:46	查询失败!	{"error": "record not found"}
[jnyz-app/server]2024/05/06 - 20:33:31.921	[31merror[0m	/home/amos/repo/jnyz-app/server/api/v1/data/data_loan_sub.go:46	查询失败!	{"error": "record not found"}
[jnyz-app/server]2024/05/06 - 20:34:21.312	[31merror[0m	/home/amos/repo/jnyz-app/server/api/v1/data/data_deposit_sub.go:43	查询失败!	{"error": "record not found"}
[jnyz-app/server]2024/05/06 - 20:34:21.701	[31merror[0m	/home/amos/repo/jnyz-app/server/api/v1/data/data_deposit_detail_save.go:46	查询失败!	{"error": "record not found"}
[jnyz-app/server]2024/05/06 - 20:34:21.763	[31merror[0m	/home/amos/repo/jnyz-app/server/api/v1/data/data_deposit_detail_corp.go:46	查询失败!	{"error": "record not found"}
[jnyz-app/server]2024/05/06 - 20:34:21.810	[31merror[0m	/home/amos/repo/jnyz-app/server/api/v1/data/data_loan_sub.go:46	查询失败!	{"error": "record not found"}
[jnyz-app/server]2024/05/06 - 21:46:07.900	[31merror[0m	/home/amos/repo/jnyz-app/server/api/v1/data/data_deposit_sub.go:43	查询失败!	{"error": "record not found"}
[jnyz-app/server]2024/05/06 - 21:46:08.194	[31merror[0m	/home/amos/repo/jnyz-app/server/api/v1/data/data_deposit_detail_save.go:46	查询失败!	{"error": "record not found"}
[jnyz-app/server]2024/05/06 - 21:46:08.283	[31merror[0m	/home/amos/repo/jnyz-app/server/api/v1/data/data_deposit_detail_corp.go:46	查询失败!	{"error": "record not found"}
[jnyz-app/server]2024/05/06 - 21:46:08.325	[31merror[0m	/home/amos/repo/jnyz-app/server/api/v1/data/data_loan_sub.go:46	查询失败!	{"error": "record not found"}
[jnyz-app/server]2024/05/06 - 21:46:55.282	[31merror[0m	/home/amos/repo/jnyz-app/server/api/v1/data/data_deposit_sub.go:43	查询失败!	{"error": "record not found"}
[jnyz-app/server]2024/05/06 - 21:46:55.536	[31merror[0m	/home/amos/repo/jnyz-app/server/api/v1/data/data_deposit_detail_save.go:46	查询失败!	{"error": "record not found"}
[jnyz-app/server]2024/05/06 - 21:46:55.626	[31merror[0m	/home/amos/repo/jnyz-app/server/api/v1/data/data_deposit_detail_corp.go:46	查询失败!	{"error": "record not found"}
[jnyz-app/server]2024/05/06 - 21:46:55.671	[31merror[0m	/home/amos/repo/jnyz-app/server/api/v1/data/data_loan_sub.go:46	查询失败!	{"error": "record not found"}
[jnyz-app/server]2024/05/06 - 21:47:51.823	[31merror[0m	/home/amos/repo/jnyz-app/server/api/v1/data/data_deposit_sub.go:43	查询失败!	{"error": "record not found"}
[jnyz-app/server]2024/05/06 - 21:47:52.090	[31merror[0m	/home/amos/repo/jnyz-app/server/api/v1/data/data_deposit_detail_save.go:46	查询失败!	{"error": "record not found"}
[jnyz-app/server]2024/05/06 - 21:47:52.199	[31merror[0m	/home/amos/repo/jnyz-app/server/api/v1/data/data_deposit_detail_corp.go:46	查询失败!	{"error": "record not found"}
[jnyz-app/server]2024/05/06 - 21:47:52.442	[31merror[0m	/home/amos/repo/jnyz-app/server/api/v1/data/data_loan_sub.go:46	查询失败!	{"error": "record not found"}
[jnyz-app/server]2024/05/06 - 21:50:15.404	[31merror[0m	/home/amos/repo/jnyz-app/server/api/v1/data/data_deposit_sub.go:43	查询失败!	{"error": "record not found"}
[jnyz-app/server]2024/05/06 - 21:50:15.682	[31merror[0m	/home/amos/repo/jnyz-app/server/api/v1/data/data_deposit_detail_save.go:46	查询失败!	{"error": "record not found"}
[jnyz-app/server]2024/05/06 - 21:50:15.722	[31merror[0m	/home/amos/repo/jnyz-app/server/api/v1/data/data_deposit_detail_corp.go:46	查询失败!	{"error": "record not found"}
[jnyz-app/server]2024/05/06 - 21:50:15.774	[31merror[0m	/home/amos/repo/jnyz-app/server/api/v1/data/data_loan_sub.go:46	查询失败!	{"error": "record not found"}
[jnyz-app/server]2024/05/06 - 21:51:03.875	[31merror[0m	/home/amos/repo/jnyz-app/server/api/v1/data/data_deposit_sub.go:43	查询失败!	{"error": "record not found"}
[jnyz-app/server]2024/05/06 - 21:51:04.044	[31merror[0m	/home/amos/repo/jnyz-app/server/api/v1/data/data_deposit_detail_save.go:46	查询失败!	{"error": "record not found"}
[jnyz-app/server]2024/05/06 - 21:51:04.126	[31merror[0m	/home/amos/repo/jnyz-app/server/api/v1/data/data_deposit_detail_corp.go:46	查询失败!	{"error": "record not found"}
[jnyz-app/server]2024/05/06 - 21:51:04.194	[31merror[0m	/home/amos/repo/jnyz-app/server/api/v1/data/data_loan_sub.go:46	查询失败!	{"error": "record not found"}
[jnyz-app/server]2024/05/06 - 21:51:51.003	[31merror[0m	/home/amos/repo/jnyz-app/server/api/v1/data/data_deposit_sub.go:43	查询失败!	{"error": "record not found"}
[jnyz-app/server]2024/05/06 - 21:51:51.370	[31merror[0m	/home/amos/repo/jnyz-app/server/api/v1/data/data_deposit_detail_save.go:46	查询失败!	{"error": "record not found"}
[jnyz-app/server]2024/05/06 - 21:51:51.453	[31merror[0m	/home/amos/repo/jnyz-app/server/api/v1/data/data_deposit_detail_corp.go:46	查询失败!	{"error": "record not found"}
[jnyz-app/server]2024/05/06 - 21:51:51.521	[31merror[0m	/home/amos/repo/jnyz-app/server/api/v1/data/data_loan_sub.go:46	查询失败!	{"error": "record not found"}
[jnyz-app/server]2024/05/06 - 21:53:26.394	[31merror[0m	/home/amos/repo/jnyz-app/server/api/v1/data/data_deposit_sub.go:43	查询失败!	{"error": "record not found"}
[jnyz-app/server]2024/05/06 - 21:53:26.683	[31merror[0m	/home/amos/repo/jnyz-app/server/api/v1/data/data_deposit_detail_save.go:46	查询失败!	{"error": "record not found"}
[jnyz-app/server]2024/05/06 - 21:53:26.775	[31merror[0m	/home/amos/repo/jnyz-app/server/api/v1/data/data_deposit_detail_corp.go:46	查询失败!	{"error": "record not found"}
[jnyz-app/server]2024/05/06 - 21:53:26.845	[31merror[0m	/home/amos/repo/jnyz-app/server/api/v1/data/data_loan_sub.go:46	查询失败!	{"error": "record not found"}
[jnyz-app/server]2024/05/06 - 21:55:51.675	[31merror[0m	/home/amos/repo/jnyz-app/server/api/v1/data/data_deposit_sub.go:43	查询失败!	{"error": "record not found"}
[jnyz-app/server]2024/05/06 - 21:55:51.904	[31merror[0m	/home/amos/repo/jnyz-app/server/api/v1/data/data_deposit_detail_save.go:46	查询失败!	{"error": "record not found"}
[jnyz-app/server]2024/05/06 - 21:55:52.026	[31merror[0m	/home/amos/repo/jnyz-app/server/api/v1/data/data_deposit_detail_corp.go:46	查询失败!	{"error": "record not found"}
[jnyz-app/server]2024/05/06 - 21:55:52.093	[31merror[0m	/home/amos/repo/jnyz-app/server/api/v1/data/data_loan_sub.go:46	查询失败!	{"error": "record not found"}
[jnyz-app/server]2024/05/06 - 21:56:24.555	[31merror[0m	/home/amos/repo/jnyz-app/server/api/v1/data/data_deposit_sub.go:43	查询失败!	{"error": "record not found"}
[jnyz-app/server]2024/05/06 - 21:56:24.892	[31merror[0m	/home/amos/repo/jnyz-app/server/api/v1/data/data_deposit_detail_save.go:46	查询失败!	{"error": "record not found"}
[jnyz-app/server]2024/05/06 - 21:56:24.959	[31merror[0m	/home/amos/repo/jnyz-app/server/api/v1/data/data_deposit_detail_corp.go:46	查询失败!	{"error": "record not found"}
[jnyz-app/server]2024/05/06 - 21:56:24.998	[31merror[0m	/home/amos/repo/jnyz-app/server/api/v1/data/data_loan_sub.go:46	查询失败!	{"error": "record not found"}
[jnyz-app/server]2024/05/06 - 21:57:40.034	[31merror[0m	/home/amos/repo/jnyz-app/server/api/v1/data/data_deposit_sub.go:43	查询失败!	{"error": "record not found"}
[jnyz-app/server]2024/05/06 - 21:57:40.254	[31merror[0m	/home/amos/repo/jnyz-app/server/api/v1/data/data_deposit_detail_save.go:46	查询失败!	{"error": "record not found"}
[jnyz-app/server]2024/05/06 - 21:57:40.347	[31merror[0m	/home/amos/repo/jnyz-app/server/api/v1/data/data_deposit_detail_corp.go:46	查询失败!	{"error": "record not found"}
[jnyz-app/server]2024/05/06 - 21:57:40.380	[31merror[0m	/home/amos/repo/jnyz-app/server/api/v1/data/data_loan_sub.go:46	查询失败!	{"error": "record not found"}
[jnyz-app/server]2024/05/06 - 21:58:57.191	[31merror[0m	/home/amos/repo/jnyz-app/server/api/v1/data/data_deposit_sub.go:43	查询失败!	{"error": "record not found"}
[jnyz-app/server]2024/05/06 - 21:58:57.640	[31merror[0m	/home/amos/repo/jnyz-app/server/api/v1/data/data_deposit_detail_save.go:46	查询失败!	{"error": "record not found"}
[jnyz-app/server]2024/05/06 - 21:58:57.688	[31merror[0m	/home/amos/repo/jnyz-app/server/api/v1/data/data_deposit_detail_corp.go:46	查询失败!	{"error": "record not found"}
[jnyz-app/server]2024/05/06 - 21:58:57.737	[31merror[0m	/home/amos/repo/jnyz-app/server/api/v1/data/data_loan_sub.go:46	查询失败!	{"error": "record not found"}
[jnyz-app/server]2024/05/06 - 21:59:41.866	[31merror[0m	/home/amos/repo/jnyz-app/server/api/v1/data/data_deposit_sub.go:43	查询失败!	{"error": "record not found"}
[jnyz-app/server]2024/05/06 - 21:59:42.033	[31merror[0m	/home/amos/repo/jnyz-app/server/api/v1/data/data_deposit_detail_save.go:46	查询失败!	{"error": "record not found"}
[jnyz-app/server]2024/05/06 - 21:59:42.164	[31merror[0m	/home/amos/repo/jnyz-app/server/api/v1/data/data_deposit_detail_corp.go:46	查询失败!	{"error": "record not found"}
[jnyz-app/server]2024/05/06 - 21:59:42.206	[31merror[0m	/home/amos/repo/jnyz-app/server/api/v1/data/data_loan_sub.go:46	查询失败!	{"error": "record not found"}
[jnyz-app/server]2024/05/06 - 22:01:41.296	[31merror[0m	/home/amos/repo/jnyz-app/server/api/v1/data/data_deposit_sub.go:43	查询失败!	{"error": "record not found"}
[jnyz-app/server]2024/05/06 - 22:01:41.446	[31merror[0m	/home/amos/repo/jnyz-app/server/api/v1/data/data_deposit_detail_save.go:46	查询失败!	{"error": "record not found"}
[jnyz-app/server]2024/05/06 - 22:01:41.467	[31merror[0m	/home/amos/repo/jnyz-app/server/api/v1/data/data_deposit_detail_corp.go:46	查询失败!	{"error": "record not found"}
[jnyz-app/server]2024/05/06 - 22:01:41.500	[31merror[0m	/home/amos/repo/jnyz-app/server/api/v1/data/data_loan_sub.go:46	查询失败!	{"error": "record not found"}
[jnyz-app/server]2024/05/06 - 22:01:47.864	[31merror[0m	/home/amos/repo/jnyz-app/server/api/v1/data/data_deposit_sub.go:43	查询失败!	{"error": "record not found"}
[jnyz-app/server]2024/05/06 - 22:01:48.183	[31merror[0m	/home/amos/repo/jnyz-app/server/api/v1/data/data_deposit_detail_save.go:46	查询失败!	{"error": "record not found"}
[jnyz-app/server]2024/05/06 - 22:01:48.230	[31merror[0m	/home/amos/repo/jnyz-app/server/api/v1/data/data_deposit_detail_corp.go:46	查询失败!	{"error": "record not found"}
[jnyz-app/server]2024/05/06 - 22:01:48.289	[31merror[0m	/home/amos/repo/jnyz-app/server/api/v1/data/data_loan_sub.go:46	查询失败!	{"error": "record not found"}
[jnyz-app/server]2024/05/06 - 22:02:48.569	[31merror[0m	/home/amos/repo/jnyz-app/server/api/v1/data/data_deposit_bank.go:46	查询失败!	{"error": "record not found"}
[jnyz-app/server]2024/05/06 - 22:02:48.649	[31merror[0m	/home/amos/repo/jnyz-app/server/api/v1/data/data_loan_bank.go:46	查询失败!	{"error": "record not found"}
[jnyz-app/server]2024/05/06 - 22:04:01.309	[31merror[0m	/home/amos/repo/jnyz-app/server/api/v1/data/data_deposit_bank.go:46	查询失败!	{"error": "record not found"}
[jnyz-app/server]2024/05/06 - 22:04:01.391	[31merror[0m	/home/amos/repo/jnyz-app/server/api/v1/data/data_loan_bank.go:46	查询失败!	{"error": "record not found"}
[jnyz-app/server]2024/05/06 - 22:07:41.611	[31merror[0m	/home/amos/repo/jnyz-app/server/api/v1/data/data_deposit_bank.go:46	查询失败!	{"error": "record not found"}
[jnyz-app/server]2024/05/06 - 22:07:41.719	[31merror[0m	/home/amos/repo/jnyz-app/server/api/v1/data/data_loan_bank.go:46	查询失败!	{"error": "record not found"}
[jnyz-app/server]2024/05/06 - 22:09:38.829	[31merror[0m	/home/amos/repo/jnyz-app/server/core/server.go:55	accept tcp [::]:9999: use of closed network connection
[jnyz-app/server]2024/05/06 - 22:09:49.350	[31merror[0m	/home/amos/repo/jnyz-app/server/api/v1/data/data_loan_bank.go:46	查询失败!	{"error": "record not found"}
[jnyz-app/server]2024/05/06 - 22:57:30.961	[31merror[0m	/home/amos/repo/jnyz-app/server/api/v1/data/data_deposit_sub.go:43	查询失败!	{"error": "record not found"}
[jnyz-app/server]2024/05/06 - 22:57:31.021	[31merror[0m	/home/amos/repo/jnyz-app/server/api/v1/data/data_deposit_detail_save.go:46	查询失败!	{"error": "record not found"}
[jnyz-app/server]2024/05/06 - 22:57:31.059	[31merror[0m	/home/amos/repo/jnyz-app/server/api/v1/data/data_deposit_detail_corp.go:46	查询失败!	{"error": "record not found"}
[jnyz-app/server]2024/05/06 - 22:57:31.090	[31merror[0m	/home/amos/repo/jnyz-app/server/api/v1/data/data_loan_sub.go:46	查询失败!	{"error": "record not found"}
[jnyz-app/server]2024/05/06 - 22:57:35.737	[31merror[0m	/home/amos/repo/jnyz-app/server/api/v1/data/data_deposit_sub.go:43	查询失败!	{"error": "record not found"}
[jnyz-app/server]2024/05/06 - 22:57:35.796	[31merror[0m	/home/amos/repo/jnyz-app/server/api/v1/data/data_deposit_detail_save.go:46	查询失败!	{"error": "record not found"}
[jnyz-app/server]2024/05/06 - 22:57:35.841	[31merror[0m	/home/amos/repo/jnyz-app/server/api/v1/data/data_deposit_detail_corp.go:46	查询失败!	{"error": "record not found"}
[jnyz-app/server]2024/05/06 - 22:57:35.914	[31merror[0m	/home/amos/repo/jnyz-app/server/api/v1/data/data_loan_sub.go:46	查询失败!	{"error": "record not found"}
