[jnyz-app/server]2024/05/04 - 13:09:14.958	[34minfo[0m	/home/amos/repo/jnyz-app/server/initialize/gorm.go:60	register table success
[jnyz-app/server]2024/05/04 - 13:09:14.963	[34minfo[0m	/home/amos/repo/jnyz-app/server/initialize/router.go:53	register swagger handler
[jnyz-app/server]2024/05/04 - 13:09:14.964	[34minfo[0m	/home/amos/repo/jnyz-app/server/initialize/router.go:94	router register success
[jnyz-app/server]2024/05/04 - 13:09:14.965	[34minfo[0m	/home/amos/repo/jnyz-app/server/core/server.go:43	server run success on 	{"address": ":9999"}
[jnyz-app/server]2024/05/04 - 16:35:48.651	[34minfo[0m	/home/amos/repo/jnyz-app/server/initialize/router.go:53	register swagger handler
[jnyz-app/server]2024/05/04 - 16:35:48.652	[34minfo[0m	/home/amos/repo/jnyz-app/server/initialize/router.go:94	router register success
[jnyz-app/server]2024/05/04 - 16:35:48.653	[34minfo[0m	/home/amos/repo/jnyz-app/server/core/server.go:43	server run success on 	{"address": ":9999"}
[jnyz-app/server]2024/05/04 - 16:35:59.870	[34minfo[0m	/home/amos/repo/jnyz-app/server/api/v1/system/sys_initdb.go:58	前往初始化数据库
[jnyz-app/server]2024/05/04 - 16:36:40.945	[34minfo[0m	/home/amos/repo/jnyz-app/server/initialize/gorm.go:60	register table success
[jnyz-app/server]2024/05/04 - 16:36:40.946	[34minfo[0m	/home/amos/repo/jnyz-app/server/initialize/router.go:53	register swagger handler
[jnyz-app/server]2024/05/04 - 16:36:40.947	[34minfo[0m	/home/amos/repo/jnyz-app/server/initialize/router.go:94	router register success
[jnyz-app/server]2024/05/04 - 16:36:40.948	[34minfo[0m	/home/amos/repo/jnyz-app/server/core/server.go:43	server run success on 	{"address": ":9999"}
[jnyz-app/server]2024/05/04 - 16:55:04.764	[34minfo[0m	/home/amos/repo/jnyz-app/server/initialize/router.go:53	register swagger handler
[jnyz-app/server]2024/05/04 - 16:55:04.765	[34minfo[0m	/home/amos/repo/jnyz-app/server/initialize/router.go:94	router register success
[jnyz-app/server]2024/05/04 - 16:55:04.766	[34minfo[0m	/home/amos/repo/jnyz-app/server/core/server.go:43	server run success on 	{"address": ":9999"}
[jnyz-app/server]2024/05/04 - 16:55:20.956	[34minfo[0m	/home/amos/repo/jnyz-app/server/api/v1/system/sys_initdb.go:58	前往初始化数据库
[jnyz-app/server]2024/05/04 - 16:55:37.414	[34minfo[0m	/home/amos/repo/jnyz-app/server/initialize/gorm.go:60	register table success
[jnyz-app/server]2024/05/04 - 16:55:37.415	[34minfo[0m	/home/amos/repo/jnyz-app/server/initialize/router.go:53	register swagger handler
[jnyz-app/server]2024/05/04 - 16:55:37.417	[34minfo[0m	/home/amos/repo/jnyz-app/server/initialize/router.go:94	router register success
[jnyz-app/server]2024/05/04 - 16:55:37.417	[34minfo[0m	/home/amos/repo/jnyz-app/server/core/server.go:43	server run success on 	{"address": ":9999"}
[jnyz-app/server]2024/05/04 - 17:09:41.499	[34minfo[0m	/home/amos/repo/jnyz-app/server/initialize/gorm.go:60	register table success
[jnyz-app/server]2024/05/04 - 17:09:41.500	[34minfo[0m	/home/amos/repo/jnyz-app/server/initialize/router.go:53	register swagger handler
[jnyz-app/server]2024/05/04 - 17:09:41.501	[34minfo[0m	/home/amos/repo/jnyz-app/server/initialize/router.go:94	router register success
[jnyz-app/server]2024/05/04 - 17:09:41.501	[34minfo[0m	/home/amos/repo/jnyz-app/server/core/server.go:43	server run success on 	{"address": ":9999"}
[jnyz-app/server]2024/05/04 - 17:09:51.702	[34minfo[0m	/home/amos/repo/jnyz-app/server/initialize/router.go:53	register swagger handler
[jnyz-app/server]2024/05/04 - 17:09:51.704	[34minfo[0m	/home/amos/repo/jnyz-app/server/initialize/router.go:94	router register success
[jnyz-app/server]2024/05/04 - 17:09:51.705	[34minfo[0m	/home/amos/repo/jnyz-app/server/core/server.go:43	server run success on 	{"address": ":9999"}
[jnyz-app/server]2024/05/04 - 17:10:06.619	[34minfo[0m	/home/amos/repo/jnyz-app/server/api/v1/system/sys_initdb.go:58	前往初始化数据库
[jnyz-app/server]2024/05/04 - 17:10:31.842	[34minfo[0m	/home/amos/repo/jnyz-app/server/initialize/gorm.go:60	register table success
[jnyz-app/server]2024/05/04 - 17:10:31.842	[34minfo[0m	/home/amos/repo/jnyz-app/server/initialize/router.go:53	register swagger handler
[jnyz-app/server]2024/05/04 - 17:10:31.843	[34minfo[0m	/home/amos/repo/jnyz-app/server/initialize/router.go:94	router register success
[jnyz-app/server]2024/05/04 - 17:10:31.844	[34minfo[0m	/home/amos/repo/jnyz-app/server/core/server.go:43	server run success on 	{"address": ":9999"}
[jnyz-app/server]2024/05/04 - 17:14:07.191	[34minfo[0m	/home/amos/repo/jnyz-app/server/initialize/router.go:53	register swagger handler
[jnyz-app/server]2024/05/04 - 17:14:07.192	[34minfo[0m	/home/amos/repo/jnyz-app/server/initialize/router.go:94	router register success
[jnyz-app/server]2024/05/04 - 17:14:07.192	[34minfo[0m	/home/amos/repo/jnyz-app/server/core/server.go:43	server run success on 	{"address": ":9999"}
[jnyz-app/server]2024/05/04 - 17:14:17.114	[34minfo[0m	/home/amos/repo/jnyz-app/server/api/v1/system/sys_initdb.go:58	前往初始化数据库
[jnyz-app/server]2024/05/04 - 17:14:30.408	[34minfo[0m	/home/amos/repo/jnyz-app/server/initialize/gorm.go:60	register table success
[jnyz-app/server]2024/05/04 - 17:14:30.409	[34minfo[0m	/home/amos/repo/jnyz-app/server/initialize/router.go:53	register swagger handler
[jnyz-app/server]2024/05/04 - 17:14:30.411	[34minfo[0m	/home/amos/repo/jnyz-app/server/initialize/router.go:94	router register success
[jnyz-app/server]2024/05/04 - 17:14:30.411	[34minfo[0m	/home/amos/repo/jnyz-app/server/core/server.go:43	server run success on 	{"address": ":9999"}
[jnyz-app/server]2024/05/04 - 18:18:09.855	[34minfo[0m	/home/amos/repo/jnyz-app/server/initialize/router.go:53	register swagger handler
[jnyz-app/server]2024/05/04 - 18:18:09.856	[34minfo[0m	/home/amos/repo/jnyz-app/server/initialize/router.go:94	router register success
[jnyz-app/server]2024/05/04 - 18:18:09.857	[34minfo[0m	/home/amos/repo/jnyz-app/server/core/server.go:43	server run success on 	{"address": ":9999"}
[jnyz-app/server]2024/05/04 - 18:18:28.286	[34minfo[0m	/home/amos/repo/jnyz-app/server/api/v1/system/sys_initdb.go:58	前往初始化数据库
[jnyz-app/server]2024/05/04 - 18:22:06.263	[34minfo[0m	/home/amos/repo/jnyz-app/server/initialize/router.go:53	register swagger handler
[jnyz-app/server]2024/05/04 - 18:22:06.263	[34minfo[0m	/home/amos/repo/jnyz-app/server/initialize/router.go:94	router register success
[jnyz-app/server]2024/05/04 - 18:22:06.264	[34minfo[0m	/home/amos/repo/jnyz-app/server/core/server.go:43	server run success on 	{"address": ":9999"}
[jnyz-app/server]2024/05/04 - 18:22:49.261	[34minfo[0m	/home/amos/repo/jnyz-app/server/initialize/router.go:53	register swagger handler
[jnyz-app/server]2024/05/04 - 18:22:49.262	[34minfo[0m	/home/amos/repo/jnyz-app/server/initialize/router.go:94	router register success
[jnyz-app/server]2024/05/04 - 18:22:49.263	[34minfo[0m	/home/amos/repo/jnyz-app/server/core/server.go:43	server run success on 	{"address": ":9999"}
[jnyz-app/server]2024/05/04 - 18:22:50.995	[34minfo[0m	/home/amos/repo/jnyz-app/server/api/v1/system/sys_initdb.go:58	前往初始化数据库
[jnyz-app/server]2024/05/04 - 18:23:17.191	[34minfo[0m	/home/amos/repo/jnyz-app/server/initialize/gorm.go:60	register table success
[jnyz-app/server]2024/05/04 - 18:23:17.192	[34minfo[0m	/home/amos/repo/jnyz-app/server/initialize/router.go:53	register swagger handler
[jnyz-app/server]2024/05/04 - 18:23:17.194	[34minfo[0m	/home/amos/repo/jnyz-app/server/initialize/router.go:94	router register success
[jnyz-app/server]2024/05/04 - 18:23:17.194	[34minfo[0m	/home/amos/repo/jnyz-app/server/core/server.go:43	server run success on 	{"address": ":9999"}
[jnyz-app/server]2024/05/04 - 18:33:37.461	[34minfo[0m	/home/amos/repo/jnyz-app/server/initialize/gorm.go:60	register table success
[jnyz-app/server]2024/05/04 - 18:33:37.462	[34minfo[0m	/home/amos/repo/jnyz-app/server/initialize/router.go:53	register swagger handler
[jnyz-app/server]2024/05/04 - 18:33:37.465	[34minfo[0m	/home/amos/repo/jnyz-app/server/initialize/router.go:94	router register success
[jnyz-app/server]2024/05/04 - 18:33:37.465	[34minfo[0m	/home/amos/repo/jnyz-app/server/core/server.go:43	server run success on 	{"address": ":9999"}
[jnyz-app/server]2024/05/04 - 18:34:20.970	[34minfo[0m	/home/amos/repo/jnyz-app/server/initialize/gorm.go:60	register table success
[jnyz-app/server]2024/05/04 - 18:34:20.970	[34minfo[0m	/home/amos/repo/jnyz-app/server/initialize/router.go:53	register swagger handler
[jnyz-app/server]2024/05/04 - 18:34:20.971	[34minfo[0m	/home/amos/repo/jnyz-app/server/initialize/router.go:94	router register success
[jnyz-app/server]2024/05/04 - 18:34:20.972	[34minfo[0m	/home/amos/repo/jnyz-app/server/core/server.go:43	server run success on 	{"address": ":9999"}
[jnyz-app/server]2024/05/04 - 19:59:34.515	[34minfo[0m	/home/amos/repo/jnyz-app/server/initialize/gorm.go:60	register table success
[jnyz-app/server]2024/05/04 - 19:59:34.516	[34minfo[0m	/home/amos/repo/jnyz-app/server/initialize/router.go:53	register swagger handler
[jnyz-app/server]2024/05/04 - 19:59:34.518	[34minfo[0m	/home/amos/repo/jnyz-app/server/initialize/router.go:94	router register success
[jnyz-app/server]2024/05/04 - 19:59:34.518	[34minfo[0m	/home/amos/repo/jnyz-app/server/core/server.go:43	server run success on 	{"address": ":9999"}
[jnyz-app/server]2024/05/04 - 20:08:54.058	[34minfo[0m	/home/amos/repo/jnyz-app/server/initialize/gorm.go:60	register table success
[jnyz-app/server]2024/05/04 - 20:08:54.059	[34minfo[0m	/home/amos/repo/jnyz-app/server/initialize/router.go:53	register swagger handler
[jnyz-app/server]2024/05/04 - 20:08:54.060	[34minfo[0m	/home/amos/repo/jnyz-app/server/initialize/router.go:94	router register success
[jnyz-app/server]2024/05/04 - 20:08:54.060	[34minfo[0m	/home/amos/repo/jnyz-app/server/core/server.go:43	server run success on 	{"address": ":9999"}
[jnyz-app/server]2024/05/04 - 20:26:51.920	[34minfo[0m	/home/amos/repo/jnyz-app/server/initialize/gorm.go:60	register table success
[jnyz-app/server]2024/05/04 - 20:26:51.920	[34minfo[0m	/home/amos/repo/jnyz-app/server/initialize/router.go:53	register swagger handler
[jnyz-app/server]2024/05/04 - 20:26:51.921	[34minfo[0m	/home/amos/repo/jnyz-app/server/initialize/router.go:94	router register success
[jnyz-app/server]2024/05/04 - 20:26:51.921	[34minfo[0m	/home/amos/repo/jnyz-app/server/core/server.go:43	server run success on 	{"address": ":9999"}
[jnyz-app/server]2024/05/04 - 20:31:17.591	[34minfo[0m	/home/amos/repo/jnyz-app/server/initialize/gorm.go:60	register table success
[jnyz-app/server]2024/05/04 - 20:31:17.592	[34minfo[0m	/home/amos/repo/jnyz-app/server/initialize/router.go:53	register swagger handler
[jnyz-app/server]2024/05/04 - 20:31:17.594	[34minfo[0m	/home/amos/repo/jnyz-app/server/initialize/router.go:94	router register success
[jnyz-app/server]2024/05/04 - 20:31:17.594	[34minfo[0m	/home/amos/repo/jnyz-app/server/core/server.go:43	server run success on 	{"address": ":9999"}
[jnyz-app/server]2024/05/04 - 20:33:38.601	[34minfo[0m	/home/amos/repo/jnyz-app/server/initialize/gorm.go:60	register table success
[jnyz-app/server]2024/05/04 - 20:33:38.602	[34minfo[0m	/home/amos/repo/jnyz-app/server/initialize/router.go:53	register swagger handler
[jnyz-app/server]2024/05/04 - 20:33:38.602	[34minfo[0m	/home/amos/repo/jnyz-app/server/initialize/router.go:94	router register success
[jnyz-app/server]2024/05/04 - 20:33:38.603	[34minfo[0m	/home/amos/repo/jnyz-app/server/core/server.go:43	server run success on 	{"address": ":9999"}
[jnyz-app/server]2024/05/04 - 20:39:04.642	[34minfo[0m	/home/amos/repo/jnyz-app/server/initialize/gorm.go:60	register table success
[jnyz-app/server]2024/05/04 - 20:39:04.643	[34minfo[0m	/home/amos/repo/jnyz-app/server/initialize/router.go:53	register swagger handler
[jnyz-app/server]2024/05/04 - 20:39:04.644	[34minfo[0m	/home/amos/repo/jnyz-app/server/initialize/router.go:94	router register success
[jnyz-app/server]2024/05/04 - 20:39:04.645	[34minfo[0m	/home/amos/repo/jnyz-app/server/core/server.go:43	server run success on 	{"address": ":9999"}
[jnyz-app/server]2024/05/04 - 20:59:13.446	[34minfo[0m	/home/amos/repo/jnyz-app/server/initialize/gorm.go:60	register table success
[jnyz-app/server]2024/05/04 - 20:59:13.446	[34minfo[0m	/home/amos/repo/jnyz-app/server/initialize/router.go:53	register swagger handler
[jnyz-app/server]2024/05/04 - 20:59:13.447	[34minfo[0m	/home/amos/repo/jnyz-app/server/initialize/router.go:94	router register success
[jnyz-app/server]2024/05/04 - 20:59:13.447	[34minfo[0m	/home/amos/repo/jnyz-app/server/core/server.go:43	server run success on 	{"address": ":9999"}
[jnyz-app/server]2024/05/04 - 21:00:04.150	[34minfo[0m	/home/amos/repo/jnyz-app/server/initialize/gorm.go:60	register table success
[jnyz-app/server]2024/05/04 - 21:00:04.151	[34minfo[0m	/home/amos/repo/jnyz-app/server/initialize/router.go:53	register swagger handler
[jnyz-app/server]2024/05/04 - 21:00:04.152	[34minfo[0m	/home/amos/repo/jnyz-app/server/initialize/router.go:94	router register success
[jnyz-app/server]2024/05/04 - 21:00:04.152	[34minfo[0m	/home/amos/repo/jnyz-app/server/core/server.go:43	server run success on 	{"address": ":9999"}
[jnyz-app/server]2024/05/04 - 21:15:54.463	[34minfo[0m	/home/amos/repo/jnyz-app/server/initialize/gorm.go:60	register table success
[jnyz-app/server]2024/05/04 - 21:15:54.463	[34minfo[0m	/home/amos/repo/jnyz-app/server/initialize/router.go:53	register swagger handler
[jnyz-app/server]2024/05/04 - 21:15:54.464	[34minfo[0m	/home/amos/repo/jnyz-app/server/initialize/router.go:94	router register success
[jnyz-app/server]2024/05/04 - 21:15:54.465	[34minfo[0m	/home/amos/repo/jnyz-app/server/core/server.go:43	server run success on 	{"address": ":9999"}
[jnyz-app/server]2024/05/04 - 21:19:47.544	[34minfo[0m	/home/amos/repo/jnyz-app/server/initialize/gorm.go:60	register table success
[jnyz-app/server]2024/05/04 - 21:19:47.544	[34minfo[0m	/home/amos/repo/jnyz-app/server/initialize/router.go:53	register swagger handler
[jnyz-app/server]2024/05/04 - 21:19:47.545	[34minfo[0m	/home/amos/repo/jnyz-app/server/initialize/router.go:94	router register success
[jnyz-app/server]2024/05/04 - 21:19:47.545	[34minfo[0m	/home/amos/repo/jnyz-app/server/core/server.go:43	server run success on 	{"address": ":9999"}
[jnyz-app/server]2024/05/04 - 21:19:58.791	[34minfo[0m	/home/amos/repo/jnyz-app/server/initialize/gorm.go:60	register table success
[jnyz-app/server]2024/05/04 - 21:19:58.792	[34minfo[0m	/home/amos/repo/jnyz-app/server/initialize/router.go:53	register swagger handler
[jnyz-app/server]2024/05/04 - 21:19:58.794	[34minfo[0m	/home/amos/repo/jnyz-app/server/initialize/router.go:94	router register success
[jnyz-app/server]2024/05/04 - 21:19:58.794	[34minfo[0m	/home/amos/repo/jnyz-app/server/core/server.go:43	server run success on 	{"address": ":9999"}
