[jnyz-app/server]2024/03/12 - 20:58:38.522	[34minfo[0m	/home/amos/repo/jnyz-app/server/initialize/gorm.go:60	register table success
[jnyz-app/server]2024/03/12 - 20:58:38.527	[34minfo[0m	/home/amos/repo/jnyz-app/server/initialize/router.go:52	register swagger handler
[jnyz-app/server]2024/03/12 - 20:58:38.529	[34minfo[0m	/home/amos/repo/jnyz-app/server/initialize/router.go:89	router register success
[jnyz-app/server]2024/03/12 - 20:58:38.529	[34minfo[0m	/home/amos/repo/jnyz-app/server/core/server.go:42	server run success on 	{"address": ":9999"}
[jnyz-app/server]2024/03/12 - 21:25:23.045	[34minfo[0m	/home/amos/repo/jnyz-app/server/initialize/gorm.go:60	register table success
[jnyz-app/server]2024/03/12 - 21:25:23.046	[34minfo[0m	/home/amos/repo/jnyz-app/server/initialize/router.go:52	register swagger handler
[jnyz-app/server]2024/03/12 - 21:25:23.047	[34minfo[0m	/home/amos/repo/jnyz-app/server/initialize/router.go:89	router register success
[jnyz-app/server]2024/03/12 - 21:25:23.048	[34minfo[0m	/home/amos/repo/jnyz-app/server/core/server.go:42	server run success on 	{"address": ":9999"}
[jnyz-app/server]2024/03/12 - 21:25:30.940	[34minfo[0m	/home/amos/repo/jnyz-app/server/api/v1/system/sys_initdb.go:58	æ•°æ®åº“æ— éœ€åˆå§‹åŒ–
[jnyz-app/server]2024/03/12 - 21:26:57.644	[34minfo[0m	/home/amos/repo/jnyz-app/server/initialize/router.go:52	register swagger handler
[jnyz-app/server]2024/03/12 - 21:26:57.645	[34minfo[0m	/home/amos/repo/jnyz-app/server/initialize/router.go:89	router register success
[jnyz-app/server]2024/03/12 - 21:26:57.646	[34minfo[0m	/home/amos/repo/jnyz-app/server/core/server.go:42	server run success on 	{"address": ":9999"}
[jnyz-app/server]2024/03/12 - 21:26:59.754	[34minfo[0m	/home/amos/repo/jnyz-app/server/api/v1/system/sys_initdb.go:58	å‰å¾€åˆå§‹åŒ–æ•°æ®åº“
[jnyz-app/server]2024/03/12 - 21:29:07.645	[34minfo[0m	/home/amos/repo/jnyz-app/server/initialize/router.go:52	register swagger handler
[jnyz-app/server]2024/03/12 - 21:29:07.646	[34minfo[0m	/home/amos/repo/jnyz-app/server/initialize/router.go:89	router register success
[jnyz-app/server]2024/03/12 - 21:29:07.646	[34minfo[0m	/home/amos/repo/jnyz-app/server/core/server.go:42	server run success on 	{"address": ":9999"}
[jnyz-app/server]2024/03/12 - 21:29:30.441	[34minfo[0m	/home/amos/repo/jnyz-app/server/api/v1/system/sys_initdb.go:58	å‰å¾€åˆå§‹åŒ–æ•°æ®åº“
[jnyz-app/server]2024/03/12 - 21:30:44.691	[34minfo[0m	/home/amos/repo/jnyz-app/server/initialize/router.go:52	register swagger handler
[jnyz-app/server]2024/03/12 - 21:30:44.691	[34minfo[0m	/home/amos/repo/jnyz-app/server/initialize/router.go:89	router register success
[jnyz-app/server]2024/03/12 - 21:30:44.692	[34minfo[0m	/home/amos/repo/jnyz-app/server/core/server.go:42	server run success on 	{"address": ":9999"}
[jnyz-app/server]2024/03/12 - 21:31:30.681	[34minfo[0m	/home/amos/repo/jnyz-app/server/initialize/router.go:52	register swagger handler
[jnyz-app/server]2024/03/12 - 21:31:30.682	[34minfo[0m	/home/amos/repo/jnyz-app/server/initialize/router.go:89	router register success
[jnyz-app/server]2024/03/12 - 21:31:30.682	[34minfo[0m	/home/amos/repo/jnyz-app/server/core/server.go:42	server run success on 	{"address": ":9999"}
[jnyz-app/server]2024/03/12 - 21:31:54.966	[34minfo[0m	/home/amos/repo/jnyz-app/server/initialize/router.go:52	register swagger handler
[jnyz-app/server]2024/03/12 - 21:31:54.967	[34minfo[0m	/home/amos/repo/jnyz-app/server/initialize/router.go:89	router register success
[jnyz-app/server]2024/03/12 - 21:31:54.967	[34minfo[0m	/home/amos/repo/jnyz-app/server/core/server.go:42	server run success on 	{"address": ":9999"}
[jnyz-app/server]2024/03/12 - 21:34:40.082	[34minfo[0m	/home/amos/repo/jnyz-app/server/initialize/router.go:52	register swagger handler
[jnyz-app/server]2024/03/12 - 21:34:40.083	[34minfo[0m	/home/amos/repo/jnyz-app/server/initialize/router.go:89	router register success
[jnyz-app/server]2024/03/12 - 21:34:40.083	[34minfo[0m	/home/amos/repo/jnyz-app/server/core/server.go:42	server run success on 	{"address": ":9999"}
