[github.com/flipped-aurora/gin-vue-admin/server]2024/03/03 - 19:37:54.386	[34minfo[0m	/home/amos/repo/GolangDev/JNYZ-server/initialize/gorm.go:59	register table success
[github.com/flipped-aurora/gin-vue-admin/server]2024/03/03 - 19:37:54.388	[34minfo[0m	/home/amos/repo/GolangDev/JNYZ-server/initialize/router.go:49	register swagger handler
[github.com/flipped-aurora/gin-vue-admin/server]2024/03/03 - 19:37:54.390	[34minfo[0m	/home/amos/repo/GolangDev/JNYZ-server/initialize/router.go:85	router register success
[github.com/flipped-aurora/gin-vue-admin/server]2024/03/03 - 19:37:54.390	[34minfo[0m	/home/amos/repo/GolangDev/JNYZ-server/core/server.go:41	server run success on 	{"address": ":9999"}
[github.com/flipped-aurora/gin-vue-admin/server]2024/03/03 - 20:06:54.075	[34minfo[0m	/home/amos/repo/GolangDev/JNYZ-server/initialize/gorm.go:59	register table success
[github.com/flipped-aurora/gin-vue-admin/server]2024/03/03 - 20:06:54.076	[34minfo[0m	/home/amos/repo/GolangDev/JNYZ-server/initialize/router.go:49	register swagger handler
[github.com/flipped-aurora/gin-vue-admin/server]2024/03/03 - 20:06:54.077	[34minfo[0m	/home/amos/repo/GolangDev/JNYZ-server/initialize/router.go:85	router register success
[github.com/flipped-aurora/gin-vue-admin/server]2024/03/03 - 20:06:54.077	[34minfo[0m	/home/amos/repo/GolangDev/JNYZ-server/core/server.go:41	server run success on 	{"address": ":9999"}
[github.com/flipped-aurora/gin-vue-admin/server]2024/03/03 - 20:57:21.482	[34minfo[0m	/home/amos/repo/GolangDev/JNYZ-server/initialize/gorm.go:59	register table success
[github.com/flipped-aurora/gin-vue-admin/server]2024/03/03 - 20:57:21.484	[34minfo[0m	/home/amos/repo/GolangDev/JNYZ-server/initialize/router.go:49	register swagger handler
[github.com/flipped-aurora/gin-vue-admin/server]2024/03/03 - 20:57:21.485	[34minfo[0m	/home/amos/repo/GolangDev/JNYZ-server/initialize/router.go:85	router register success
[github.com/flipped-aurora/gin-vue-admin/server]2024/03/03 - 20:57:21.485	[34minfo[0m	/home/amos/repo/GolangDev/JNYZ-server/core/server.go:41	server run success on 	{"address": ":9999"}
[github.com/flipped-aurora/gin-vue-admin/server]2024/03/03 - 21:06:51.027	[34minfo[0m	/home/amos/repo/GolangDev/JNYZ-server/initialize/gorm.go:59	register table success
[github.com/flipped-aurora/gin-vue-admin/server]2024/03/03 - 21:06:51.028	[34minfo[0m	/home/amos/repo/GolangDev/JNYZ-server/initialize/router.go:49	register swagger handler
[github.com/flipped-aurora/gin-vue-admin/server]2024/03/03 - 21:06:51.028	[34minfo[0m	/home/amos/repo/GolangDev/JNYZ-server/initialize/router.go:85	router register success
[github.com/flipped-aurora/gin-vue-admin/server]2024/03/03 - 21:06:51.029	[34minfo[0m	/home/amos/repo/GolangDev/JNYZ-server/core/server.go:41	server run success on 	{"address": ":9999"}
[github.com/flipped-aurora/gin-vue-admin/server]2024/03/03 - 21:07:20.415	[34minfo[0m	/home/amos/repo/GolangDev/JNYZ-server/initialize/router.go:49	register swagger handler
[github.com/flipped-aurora/gin-vue-admin/server]2024/03/03 - 21:07:20.415	[34minfo[0m	/home/amos/repo/GolangDev/JNYZ-server/initialize/router.go:85	router register success
[github.com/flipped-aurora/gin-vue-admin/server]2024/03/03 - 21:07:20.416	[34minfo[0m	/home/amos/repo/GolangDev/JNYZ-server/core/server.go:41	server run success on 	{"address": ":9999"}
[github.com/flipped-aurora/gin-vue-admin/server]2024/03/03 - 21:07:23.407	[34minfo[0m	/home/amos/repo/GolangDev/JNYZ-server/api/v1/system/sys_initdb.go:57	前往初始化数据库
[github.com/flipped-aurora/gin-vue-admin/server]2024/03/03 - 21:08:59.004	[34minfo[0m	/home/amos/repo/GolangDev/JNYZ-server/initialize/gorm.go:59	register table success
[github.com/flipped-aurora/gin-vue-admin/server]2024/03/03 - 21:08:59.009	[34minfo[0m	/home/amos/repo/GolangDev/JNYZ-server/initialize/router.go:49	register swagger handler
[github.com/flipped-aurora/gin-vue-admin/server]2024/03/03 - 21:08:59.010	[34minfo[0m	/home/amos/repo/GolangDev/JNYZ-server/initialize/router.go:85	router register success
[github.com/flipped-aurora/gin-vue-admin/server]2024/03/03 - 21:08:59.011	[34minfo[0m	/home/amos/repo/GolangDev/JNYZ-server/core/server.go:41	server run success on 	{"address": ":9999"}
