[jnyz-app/server]2024/05/19 - 21:35:14.578	[31merror[0m	/home/amos/repo/jnyz-app/server/core/server.go:55	accept tcp [::]:9999: use of closed network connection
[jnyz-app/server]2024/05/19 - 21:52:41.476	[31merror[0m	/home/amos/repo/jnyz-app/server/core/server.go:49	accept tcp [::]:9999: use of closed network connection
[jnyz-app/server]2024/05/19 - 21:56:54.094	[31merror[0m	/home/amos/repo/jnyz-app/server/api/v1/data/data_deposit_detail_corp.go:67	获取失败!	{"error": "Error 1146 (42S02): Table 'test.DATA_COR_DEPOSIT' doesn't exist"}
[jnyz-app/server]2024/05/19 - 21:56:54.177	[31merror[0m	/home/amos/repo/jnyz-app/server/api/v1/data/data_deposit_detail_save.go:67	获取失败!	{"error": "Error 1146 (42S02): Table 'test.DATA_SAV_DEPOSIT' doesn't exist"}
[jnyz-app/server]2024/05/19 - 21:56:54.209	[31merror[0m	/home/amos/repo/jnyz-app/server/api/v1/data/data_deposit_detail_cur.go:67	获取失败!	{"error": "Error 1146 (42S02): Table 'test.DATA_CUR_DEPOSIT' doesn't exist"}
[jnyz-app/server]2024/05/19 - 21:57:34.235	[31merror[0m	/home/amos/repo/jnyz-app/server/api/v1/data/data_deposit_detail_corp.go:67	获取失败!	{"error": "Error 1146 (42S02): Table 'test.DATA_COR_DEPOSIT' doesn't exist"}
[jnyz-app/server]2024/05/19 - 21:57:34.318	[31merror[0m	/home/amos/repo/jnyz-app/server/api/v1/data/data_deposit_detail_save.go:67	获取失败!	{"error": "Error 1146 (42S02): Table 'test.DATA_SAV_DEPOSIT' doesn't exist"}
[jnyz-app/server]2024/05/19 - 21:57:34.350	[31merror[0m	/home/amos/repo/jnyz-app/server/api/v1/data/data_deposit_detail_cur.go:67	获取失败!	{"error": "Error 1146 (42S02): Table 'test.DATA_CUR_DEPOSIT' doesn't exist"}
[jnyz-app/server]2024/05/19 - 21:58:21.445	[31merror[0m	/home/amos/repo/jnyz-app/server/api/v1/data/data_deposit_detail_corp.go:67	获取失败!	{"error": "Error 1146 (42S02): Table 'test.DATA_COR_DEPOSIT' doesn't exist"}
[jnyz-app/server]2024/05/19 - 21:58:21.518	[31merror[0m	/home/amos/repo/jnyz-app/server/api/v1/data/data_deposit_detail_save.go:67	获取失败!	{"error": "Error 1146 (42S02): Table 'test.DATA_SAV_DEPOSIT' doesn't exist"}
[jnyz-app/server]2024/05/19 - 21:58:21.564	[31merror[0m	/home/amos/repo/jnyz-app/server/api/v1/data/data_deposit_detail_cur.go:67	获取失败!	{"error": "Error 1146 (42S02): Table 'test.DATA_CUR_DEPOSIT' doesn't exist"}
[jnyz-app/server]2024/05/19 - 21:58:56.567	[31merror[0m	/home/amos/repo/jnyz-app/server/api/v1/data/data_deposit_detail_corp.go:67	获取失败!	{"error": "Error 1146 (42S02): Table 'test.DATA_COR_DEPOSIT' doesn't exist"}
[jnyz-app/server]2024/05/19 - 21:58:56.606	[31merror[0m	/home/amos/repo/jnyz-app/server/api/v1/data/data_deposit_detail_save.go:67	获取失败!	{"error": "Error 1146 (42S02): Table 'test.DATA_SAV_DEPOSIT' doesn't exist"}
[jnyz-app/server]2024/05/19 - 21:58:56.634	[31merror[0m	/home/amos/repo/jnyz-app/server/api/v1/data/data_deposit_detail_cur.go:67	获取失败!	{"error": "Error 1146 (42S02): Table 'test.DATA_CUR_DEPOSIT' doesn't exist"}
[jnyz-app/server]2024/05/19 - 22:00:34.802	[31merror[0m	/home/amos/repo/jnyz-app/server/api/v1/data/data_deposit_detail_corp.go:67	获取失败!	{"error": "Error 1146 (42S02): Table 'test.DATA_COR_DEPOSIT' doesn't exist"}
[jnyz-app/server]2024/05/19 - 22:00:34.895	[31merror[0m	/home/amos/repo/jnyz-app/server/api/v1/data/data_deposit_detail_save.go:67	获取失败!	{"error": "Error 1146 (42S02): Table 'test.DATA_SAV_DEPOSIT' doesn't exist"}
[jnyz-app/server]2024/05/19 - 22:00:34.914	[31merror[0m	/home/amos/repo/jnyz-app/server/api/v1/data/data_deposit_detail_cur.go:67	获取失败!	{"error": "Error 1146 (42S02): Table 'test.DATA_CUR_DEPOSIT' doesn't exist"}
[jnyz-app/server]2024/05/19 - 22:00:37.858	[31merror[0m	/home/amos/repo/jnyz-app/server/api/v1/data/data_deposit_detail_corp.go:67	获取失败!	{"error": "Error 1146 (42S02): Table 'test.DATA_COR_DEPOSIT' doesn't exist"}
[jnyz-app/server]2024/05/19 - 22:00:37.925	[31merror[0m	/home/amos/repo/jnyz-app/server/api/v1/data/data_deposit_detail_save.go:67	获取失败!	{"error": "Error 1146 (42S02): Table 'test.DATA_SAV_DEPOSIT' doesn't exist"}
[jnyz-app/server]2024/05/19 - 22:00:37.984	[31merror[0m	/home/amos/repo/jnyz-app/server/api/v1/data/data_deposit_detail_cur.go:67	获取失败!	{"error": "Error 1146 (42S02): Table 'test.DATA_CUR_DEPOSIT' doesn't exist"}
[jnyz-app/server]2024/05/19 - 22:01:04.813	[31merror[0m	/home/amos/repo/jnyz-app/server/api/v1/data/data_deposit_detail_corp.go:67	获取失败!	{"error": "Error 1146 (42S02): Table 'test.DATA_COR_DEPOSIT' doesn't exist"}
[jnyz-app/server]2024/05/19 - 22:01:04.835	[31merror[0m	/home/amos/repo/jnyz-app/server/api/v1/data/data_deposit_detail_save.go:67	获取失败!	{"error": "Error 1146 (42S02): Table 'test.DATA_SAV_DEPOSIT' doesn't exist"}
[jnyz-app/server]2024/05/19 - 22:01:04.858	[31merror[0m	/home/amos/repo/jnyz-app/server/api/v1/data/data_deposit_detail_cur.go:67	获取失败!	{"error": "Error 1146 (42S02): Table 'test.DATA_CUR_DEPOSIT' doesn't exist"}
[jnyz-app/server]2024/05/19 - 22:01:08.421	[31merror[0m	/home/amos/repo/jnyz-app/server/api/v1/data/data_deposit_detail_corp.go:67	获取失败!	{"error": "Error 1146 (42S02): Table 'test.DATA_COR_DEPOSIT' doesn't exist"}
[jnyz-app/server]2024/05/19 - 22:01:08.492	[31merror[0m	/home/amos/repo/jnyz-app/server/api/v1/data/data_deposit_detail_save.go:67	获取失败!	{"error": "Error 1146 (42S02): Table 'test.DATA_SAV_DEPOSIT' doesn't exist"}
[jnyz-app/server]2024/05/19 - 22:01:08.541	[31merror[0m	/home/amos/repo/jnyz-app/server/api/v1/data/data_deposit_detail_cur.go:67	获取失败!	{"error": "Error 1146 (42S02): Table 'test.DATA_CUR_DEPOSIT' doesn't exist"}
[jnyz-app/server]2024/05/19 - 22:03:48.494	[31merror[0m	/home/amos/repo/jnyz-app/server/api/v1/data/data_deposit_detail_corp.go:67	获取失败!	{"error": "Error 1146 (42S02): Table 'test.DATA_COR_DEPOSIT' doesn't exist"}
[jnyz-app/server]2024/05/19 - 22:03:48.628	[31merror[0m	/home/amos/repo/jnyz-app/server/api/v1/data/data_deposit_detail_save.go:67	获取失败!	{"error": "Error 1146 (42S02): Table 'test.DATA_SAV_DEPOSIT' doesn't exist"}
[jnyz-app/server]2024/05/19 - 22:03:48.729	[31merror[0m	/home/amos/repo/jnyz-app/server/api/v1/data/data_deposit_detail_cur.go:67	获取失败!	{"error": "Error 1146 (42S02): Table 'test.DATA_CUR_DEPOSIT' doesn't exist"}
[jnyz-app/server]2024/05/19 - 22:07:33.288	[31merror[0m	/home/amos/repo/jnyz-app/server/api/v1/system/sys_institution.go:132	获取失败!	{"error": "record not found"}
[jnyz-app/server]2024/05/19 - 22:08:48.143	[31merror[0m	/home/amos/repo/jnyz-app/server/api/v1/system/sys_institution.go:132	获取失败!	{"error": "record not found"}
[jnyz-app/server]2024/05/19 - 22:09:21.104	[31merror[0m	/home/amos/repo/jnyz-app/server/core/server.go:49	accept tcp [::]:9999: use of closed network connection
[jnyz-app/server]2024/05/19 - 22:09:26.416	[31merror[0m	/home/amos/repo/jnyz-app/server/api/v1/system/sys_institution.go:134	获取失败!	{"error": "record not found"}
[jnyz-app/server]2024/05/19 - 22:10:16.201	[31merror[0m	/home/amos/repo/jnyz-app/server/core/server.go:49	accept tcp [::]:9999: use of closed network connection
[jnyz-app/server]2024/05/19 - 22:10:30.185	[31merror[0m	/home/amos/repo/jnyz-app/server/api/v1/data/data_deposit_detail_corp.go:67	获取失败!	{"error": "Error 1146 (42S02): Table 'test.DATA_COR_DEPOSIT' doesn't exist"}
[jnyz-app/server]2024/05/19 - 22:10:30.226	[31merror[0m	/home/amos/repo/jnyz-app/server/api/v1/data/data_deposit_detail_save.go:67	获取失败!	{"error": "Error 1146 (42S02): Table 'test.DATA_SAV_DEPOSIT' doesn't exist"}
[jnyz-app/server]2024/05/19 - 22:10:30.266	[31merror[0m	/home/amos/repo/jnyz-app/server/api/v1/data/data_deposit_detail_cur.go:67	获取失败!	{"error": "Error 1146 (42S02): Table 'test.DATA_CUR_DEPOSIT' doesn't exist"}
[jnyz-app/server]2024/05/19 - 22:10:33.027	[31merror[0m	/home/amos/repo/jnyz-app/server/api/v1/data/data_deposit_detail_corp.go:67	获取失败!	{"error": "Error 1146 (42S02): Table 'test.DATA_COR_DEPOSIT' doesn't exist"}
[jnyz-app/server]2024/05/19 - 22:10:33.086	[31merror[0m	/home/amos/repo/jnyz-app/server/api/v1/data/data_deposit_detail_save.go:67	获取失败!	{"error": "Error 1146 (42S02): Table 'test.DATA_SAV_DEPOSIT' doesn't exist"}
[jnyz-app/server]2024/05/19 - 22:10:33.117	[31merror[0m	/home/amos/repo/jnyz-app/server/api/v1/data/data_deposit_detail_cur.go:67	获取失败!	{"error": "Error 1146 (42S02): Table 'test.DATA_CUR_DEPOSIT' doesn't exist"}
[jnyz-app/server]2024/05/19 - 22:11:24.360	[31merror[0m	/home/amos/repo/jnyz-app/server/api/v1/data/data_deposit_detail_corp.go:67	获取失败!	{"error": "Error 1146 (42S02): Table 'test.DATA_COR_DEPOSIT' doesn't exist"}
[jnyz-app/server]2024/05/19 - 22:11:24.446	[31merror[0m	/home/amos/repo/jnyz-app/server/api/v1/data/data_deposit_detail_save.go:67	获取失败!	{"error": "Error 1146 (42S02): Table 'test.DATA_SAV_DEPOSIT' doesn't exist"}
[jnyz-app/server]2024/05/19 - 22:11:24.482	[31merror[0m	/home/amos/repo/jnyz-app/server/api/v1/data/data_deposit_detail_cur.go:67	获取失败!	{"error": "Error 1146 (42S02): Table 'test.DATA_CUR_DEPOSIT' doesn't exist"}
[jnyz-app/server]2024/05/19 - 22:11:50.656	[31merror[0m	/home/amos/repo/jnyz-app/server/api/v1/data/data_deposit_detail_corp.go:67	获取失败!	{"error": "Error 1146 (42S02): Table 'test.DATA_COR_DEPOSIT' doesn't exist"}
[jnyz-app/server]2024/05/19 - 22:11:50.739	[31merror[0m	/home/amos/repo/jnyz-app/server/api/v1/data/data_deposit_detail_save.go:67	获取失败!	{"error": "Error 1146 (42S02): Table 'test.DATA_SAV_DEPOSIT' doesn't exist"}
[jnyz-app/server]2024/05/19 - 22:11:50.771	[31merror[0m	/home/amos/repo/jnyz-app/server/api/v1/data/data_deposit_detail_cur.go:67	获取失败!	{"error": "Error 1146 (42S02): Table 'test.DATA_CUR_DEPOSIT' doesn't exist"}
[jnyz-app/server]2024/05/19 - 22:12:14.269	[31merror[0m	/home/amos/repo/jnyz-app/server/api/v1/data/data_deposit_detail_corp.go:67	获取失败!	{"error": "Error 1146 (42S02): Table 'test.DATA_COR_DEPOSIT' doesn't exist"}
[jnyz-app/server]2024/05/19 - 22:12:14.344	[31merror[0m	/home/amos/repo/jnyz-app/server/api/v1/data/data_deposit_detail_save.go:67	获取失败!	{"error": "Error 1146 (42S02): Table 'test.DATA_SAV_DEPOSIT' doesn't exist"}
[jnyz-app/server]2024/05/19 - 22:12:14.378	[31merror[0m	/home/amos/repo/jnyz-app/server/api/v1/data/data_deposit_detail_cur.go:67	获取失败!	{"error": "Error 1146 (42S02): Table 'test.DATA_CUR_DEPOSIT' doesn't exist"}
[jnyz-app/server]2024/05/19 - 22:12:21.653	[31merror[0m	/home/amos/repo/jnyz-app/server/api/v1/data/data_deposit_detail_corp.go:67	获取失败!	{"error": "Error 1146 (42S02): Table 'test.DATA_COR_DEPOSIT' doesn't exist"}
[jnyz-app/server]2024/05/19 - 22:12:21.688	[31merror[0m	/home/amos/repo/jnyz-app/server/api/v1/data/data_deposit_detail_save.go:67	获取失败!	{"error": "Error 1146 (42S02): Table 'test.DATA_SAV_DEPOSIT' doesn't exist"}
[jnyz-app/server]2024/05/19 - 22:12:21.718	[31merror[0m	/home/amos/repo/jnyz-app/server/api/v1/data/data_deposit_detail_cur.go:67	获取失败!	{"error": "Error 1146 (42S02): Table 'test.DATA_CUR_DEPOSIT' doesn't exist"}
[jnyz-app/server]2024/05/19 - 22:13:17.094	[31merror[0m	/home/amos/repo/jnyz-app/server/api/v1/data/data_deposit_detail_corp.go:67	获取失败!	{"error": "Error 1146 (42S02): Table 'test.DATA_COR_DEPOSIT' doesn't exist"}
[jnyz-app/server]2024/05/19 - 22:13:17.117	[31merror[0m	/home/amos/repo/jnyz-app/server/api/v1/data/data_deposit_detail_save.go:67	获取失败!	{"error": "Error 1146 (42S02): Table 'test.DATA_SAV_DEPOSIT' doesn't exist"}
[jnyz-app/server]2024/05/19 - 22:13:17.141	[31merror[0m	/home/amos/repo/jnyz-app/server/api/v1/data/data_deposit_detail_cur.go:67	获取失败!	{"error": "Error 1146 (42S02): Table 'test.DATA_CUR_DEPOSIT' doesn't exist"}
[jnyz-app/server]2024/05/19 - 22:13:43.887	[31merror[0m	/home/amos/repo/jnyz-app/server/api/v1/data/data_deposit_detail_corp.go:67	获取失败!	{"error": "Error 1146 (42S02): Table 'test.DATA_COR_DEPOSIT' doesn't exist"}
[jnyz-app/server]2024/05/19 - 22:13:43.911	[31merror[0m	/home/amos/repo/jnyz-app/server/api/v1/data/data_deposit_detail_save.go:67	获取失败!	{"error": "Error 1146 (42S02): Table 'test.DATA_SAV_DEPOSIT' doesn't exist"}
[jnyz-app/server]2024/05/19 - 22:13:43.936	[31merror[0m	/home/amos/repo/jnyz-app/server/api/v1/data/data_deposit_detail_cur.go:67	获取失败!	{"error": "Error 1146 (42S02): Table 'test.DATA_CUR_DEPOSIT' doesn't exist"}
[jnyz-app/server]2024/05/19 - 22:14:00.874	[31merror[0m	/home/amos/repo/jnyz-app/server/api/v1/data/data_deposit_detail_corp.go:67	获取失败!	{"error": "Error 1146 (42S02): Table 'test.DATA_COR_DEPOSIT' doesn't exist"}
[jnyz-app/server]2024/05/19 - 22:14:00.900	[31merror[0m	/home/amos/repo/jnyz-app/server/api/v1/data/data_deposit_detail_save.go:67	获取失败!	{"error": "Error 1146 (42S02): Table 'test.DATA_SAV_DEPOSIT' doesn't exist"}
[jnyz-app/server]2024/05/19 - 22:14:00.932	[31merror[0m	/home/amos/repo/jnyz-app/server/api/v1/data/data_deposit_detail_cur.go:67	获取失败!	{"error": "Error 1146 (42S02): Table 'test.DATA_CUR_DEPOSIT' doesn't exist"}
[jnyz-app/server]2024/05/19 - 22:14:26.216	[31merror[0m	/home/amos/repo/jnyz-app/server/api/v1/data/data_deposit_detail_corp.go:67	获取失败!	{"error": "Error 1146 (42S02): Table 'test.DATA_COR_DEPOSIT' doesn't exist"}
[jnyz-app/server]2024/05/19 - 22:14:26.294	[31merror[0m	/home/amos/repo/jnyz-app/server/api/v1/data/data_deposit_detail_save.go:67	获取失败!	{"error": "Error 1146 (42S02): Table 'test.DATA_SAV_DEPOSIT' doesn't exist"}
[jnyz-app/server]2024/05/19 - 22:14:26.336	[31merror[0m	/home/amos/repo/jnyz-app/server/api/v1/data/data_deposit_detail_cur.go:67	获取失败!	{"error": "Error 1146 (42S02): Table 'test.DATA_CUR_DEPOSIT' doesn't exist"}
[jnyz-app/server]2024/05/19 - 22:14:43.735	[31merror[0m	/home/amos/repo/jnyz-app/server/api/v1/data/data_deposit_detail_corp.go:67	获取失败!	{"error": "Error 1146 (42S02): Table 'test.DATA_COR_DEPOSIT' doesn't exist"}
[jnyz-app/server]2024/05/19 - 22:14:43.868	[31merror[0m	/home/amos/repo/jnyz-app/server/api/v1/data/data_deposit_detail_save.go:67	获取失败!	{"error": "Error 1146 (42S02): Table 'test.DATA_SAV_DEPOSIT' doesn't exist"}
[jnyz-app/server]2024/05/19 - 22:14:43.890	[31merror[0m	/home/amos/repo/jnyz-app/server/api/v1/data/data_deposit_detail_cur.go:67	获取失败!	{"error": "Error 1146 (42S02): Table 'test.DATA_CUR_DEPOSIT' doesn't exist"}
[jnyz-app/server]2024/05/19 - 22:15:26.879	[31merror[0m	/home/amos/repo/jnyz-app/server/api/v1/data/data_deposit_detail_corp.go:67	获取失败!	{"error": "Error 1146 (42S02): Table 'test.DATA_COR_DEPOSIT' doesn't exist"}
[jnyz-app/server]2024/05/19 - 22:15:26.987	[31merror[0m	/home/amos/repo/jnyz-app/server/api/v1/data/data_deposit_detail_save.go:67	获取失败!	{"error": "Error 1146 (42S02): Table 'test.DATA_SAV_DEPOSIT' doesn't exist"}
[jnyz-app/server]2024/05/19 - 22:15:27.062	[31merror[0m	/home/amos/repo/jnyz-app/server/api/v1/data/data_deposit_detail_cur.go:67	获取失败!	{"error": "Error 1146 (42S02): Table 'test.DATA_CUR_DEPOSIT' doesn't exist"}
[jnyz-app/server]2024/05/19 - 22:15:32.177	[31merror[0m	/home/amos/repo/jnyz-app/server/api/v1/data/data_deposit_detail_corp.go:67	获取失败!	{"error": "Error 1146 (42S02): Table 'test.DATA_COR_DEPOSIT' doesn't exist"}
[jnyz-app/server]2024/05/19 - 22:15:32.209	[31merror[0m	/home/amos/repo/jnyz-app/server/api/v1/data/data_deposit_detail_save.go:67	获取失败!	{"error": "Error 1146 (42S02): Table 'test.DATA_SAV_DEPOSIT' doesn't exist"}
[jnyz-app/server]2024/05/19 - 22:15:32.256	[31merror[0m	/home/amos/repo/jnyz-app/server/api/v1/data/data_deposit_detail_cur.go:67	获取失败!	{"error": "Error 1146 (42S02): Table 'test.DATA_CUR_DEPOSIT' doesn't exist"}
[jnyz-app/server]2024/05/19 - 22:17:06.301	[31merror[0m	/home/amos/repo/jnyz-app/server/api/v1/data/data_deposit_detail_corp.go:67	获取失败!	{"error": "Error 1146 (42S02): Table 'test.DATA_COR_DEPOSIT' doesn't exist"}
[jnyz-app/server]2024/05/19 - 22:17:06.501	[31merror[0m	/home/amos/repo/jnyz-app/server/api/v1/data/data_deposit_detail_save.go:67	获取失败!	{"error": "Error 1146 (42S02): Table 'test.DATA_SAV_DEPOSIT' doesn't exist"}
[jnyz-app/server]2024/05/19 - 22:17:06.527	[31merror[0m	/home/amos/repo/jnyz-app/server/api/v1/data/data_deposit_detail_cur.go:67	获取失败!	{"error": "Error 1146 (42S02): Table 'test.DATA_CUR_DEPOSIT' doesn't exist"}
[jnyz-app/server]2024/05/19 - 22:17:22.504	[31merror[0m	/home/amos/repo/jnyz-app/server/api/v1/data/data_deposit_detail_corp.go:67	获取失败!	{"error": "Error 1146 (42S02): Table 'test.DATA_COR_DEPOSIT' doesn't exist"}
[jnyz-app/server]2024/05/19 - 22:17:22.595	[31merror[0m	/home/amos/repo/jnyz-app/server/api/v1/data/data_deposit_detail_save.go:67	获取失败!	{"error": "Error 1146 (42S02): Table 'test.DATA_SAV_DEPOSIT' doesn't exist"}
[jnyz-app/server]2024/05/19 - 22:17:22.629	[31merror[0m	/home/amos/repo/jnyz-app/server/api/v1/data/data_deposit_detail_cur.go:67	获取失败!	{"error": "Error 1146 (42S02): Table 'test.DATA_CUR_DEPOSIT' doesn't exist"}
[jnyz-app/server]2024/05/19 - 22:18:27.397	[31merror[0m	/home/amos/repo/jnyz-app/server/api/v1/data/data_deposit_detail_corp.go:67	获取失败!	{"error": "Error 1146 (42S02): Table 'test.DATA_COR_DEPOSIT' doesn't exist"}
[jnyz-app/server]2024/05/19 - 22:18:27.450	[31merror[0m	/home/amos/repo/jnyz-app/server/api/v1/data/data_deposit_detail_save.go:67	获取失败!	{"error": "Error 1146 (42S02): Table 'test.DATA_SAV_DEPOSIT' doesn't exist"}
[jnyz-app/server]2024/05/19 - 22:18:27.480	[31merror[0m	/home/amos/repo/jnyz-app/server/api/v1/data/data_deposit_detail_cur.go:67	获取失败!	{"error": "Error 1146 (42S02): Table 'test.DATA_CUR_DEPOSIT' doesn't exist"}
[jnyz-app/server]2024/05/19 - 22:18:54.458	[31merror[0m	/home/amos/repo/jnyz-app/server/api/v1/data/data_deposit_detail_corp.go:67	获取失败!	{"error": "Error 1146 (42S02): Table 'test.DATA_COR_DEPOSIT' doesn't exist"}
[jnyz-app/server]2024/05/19 - 22:18:54.560	[31merror[0m	/home/amos/repo/jnyz-app/server/api/v1/data/data_deposit_detail_save.go:67	获取失败!	{"error": "Error 1146 (42S02): Table 'test.DATA_SAV_DEPOSIT' doesn't exist"}
[jnyz-app/server]2024/05/19 - 22:18:54.645	[31merror[0m	/home/amos/repo/jnyz-app/server/api/v1/data/data_deposit_detail_cur.go:67	获取失败!	{"error": "Error 1146 (42S02): Table 'test.DATA_CUR_DEPOSIT' doesn't exist"}
[jnyz-app/server]2024/05/19 - 22:20:04.718	[31merror[0m	/home/amos/repo/jnyz-app/server/api/v1/data/data_deposit_detail_corp.go:67	获取失败!	{"error": "Error 1146 (42S02): Table 'test.DATA_COR_DEPOSIT' doesn't exist"}
[jnyz-app/server]2024/05/19 - 22:20:04.816	[31merror[0m	/home/amos/repo/jnyz-app/server/api/v1/data/data_deposit_detail_save.go:67	获取失败!	{"error": "Error 1146 (42S02): Table 'test.DATA_SAV_DEPOSIT' doesn't exist"}
[jnyz-app/server]2024/05/19 - 22:20:04.918	[31merror[0m	/home/amos/repo/jnyz-app/server/api/v1/data/data_deposit_detail_cur.go:67	获取失败!	{"error": "Error 1146 (42S02): Table 'test.DATA_CUR_DEPOSIT' doesn't exist"}
[jnyz-app/server]2024/05/19 - 22:30:43.735	[31merror[0m	/home/amos/repo/jnyz-app/server/core/server.go:49	accept tcp [::]:9999: use of closed network connection
[jnyz-app/server]2024/05/19 - 22:33:08.180	[31merror[0m	/home/amos/repo/jnyz-app/server/api/v1/data/data_deposit_detail_save.go:46	查询失败!	{"error": "record not found"}
[jnyz-app/server]2024/05/19 - 22:33:08.183	[31merror[0m	/home/amos/repo/jnyz-app/server/api/v1/data/data_deposit_sub.go:43	查询失败!	{"error": "record not found"}
[jnyz-app/server]2024/05/19 - 22:33:08.189	[31merror[0m	/home/amos/repo/jnyz-app/server/api/v1/data/data_loan_sub.go:46	查询失败!	{"error": "record not found"}
[jnyz-app/server]2024/05/19 - 22:33:08.210	[31merror[0m	/home/amos/repo/jnyz-app/server/api/v1/data/data_deposit_detail_corp.go:46	查询失败!	{"error": "record not found"}
[jnyz-app/server]2024/05/19 - 23:06:22.637	[31merror[0m	/home/amos/repo/jnyz-app/server/core/server.go:49	accept tcp [::]:9999: use of closed network connection
